13/11 13:54 falar dona florinda: Professor Girafáles!
13/11 13:54 falar dona florinda: que milagre o senhor por aqui!
13/11 13:54 falar dona florinda: Obrigada, são lindas!
13/11 13:54 falar dona florinda: não quer entrar para tomar uma xícara de café?
13/11 13:54 falar dona florinda: Claro que não, pode entrar!
13/11 13:56 falar dona florinda: Professor Girafáles!
13/11 13:56 falar dona florinda: Professor Girafáles!
13/11 13:56 falar dona florinda: que milagre o senhor por aqui!
13/11 13:56 falar dona florinda: que milagre o senhor por aqui!
13/11 13:56 falar dona florinda: Obrigada, são lindas!
13/11 13:56 falar dona florinda: não quer entrar para tomar uma xícara de café?
13/11 13:56 falar dona florinda: Obrigada, são lindas!
13/11 13:56 falar dona florinda: não quer entrar para tomar uma xícara de café?
13/11 13:56 falar dona florinda: Claro que não, pode entrar!
13/11 13:56 falar dona florinda: Claro que não, pode entrar!
13/11 13:57 falar dona florinda: Professor Girafáles!
13/11 13:57 falar dona florinda: Professor Girafáles!
13/11 13:57 falar dona florinda: que milagre o senhor por aqui!
13/11 13:57 falar dona florinda: que milagre o senhor por aqui!
13/11 13:57 falar dona florinda: Obrigada, são lindas!
13/11 13:57 falar dona florinda: não quer entrar para tomar uma xícara de café?
13/11 13:57 falar dona florinda: Obrigada, são lindas!
13/11 13:57 falar dona florinda: não quer entrar para tomar uma xícara de café?
13/11 13:57 falar dona florinda: Claro que não, pode entrar!
13/11 13:57 falar dona florinda: Claro que não, pode entrar!
13/11 13:58 falar dona florinda: Professor Girafáles!
13/11 13:58 falar dona florinda: Professor Girafáles!
13/11 13:58 falar dona florinda: que milagre o senhor por aqui!
13/11 13:59 falar dona florinda: que milagre o senhor por aqui!
13/11 13:59 falar dona florinda: Obrigada, são lindas!
13/11 13:59 falar dona florinda: não quer entrar para tomar uma xícara de café?
13/11 13:59 falar dona florinda: Obrigada, são lindas!
13/11 13:59 falar dona florinda: Claro que não, pode entrar!
13/11 13:59 falar dona florinda: não quer entrar para tomar uma xícara de café?
13/11 13:59 falar dona florinda: Claro que não, pode entrar!
13/11 14:0 falar dona florinda: Professor Girafáles!
13/11 14:0 falar dona florinda: que milagre o senhor por aqui!
13/11 14:0 falar dona florinda: Professor Girafáles!
13/11 14:0 falar dona florinda: Obrigada, são lindas!
13/11 14:0 falar dona florinda: não quer entrar para tomar uma xícara de café?
13/11 14:0 falar dona florinda: que milagre o senhor por aqui!
13/11 14:0 falar dona florinda: Claro que não, pode entrar!
13/11 14:0 falar dona florinda: Professor Girafáles!
13/11 14:0 falar dona florinda: Obrigada, são lindas!
13/11 14:0 falar dona florinda: não quer entrar para tomar uma xícara de café?
13/11 14:0 falar dona florinda: que milagre o senhor por aqui!
13/11 14:0 falar dona florinda: Claro que não, pode entrar!
13/11 14:0 falar dona florinda: Obrigada, são lindas!
13/11 14:0 falar dona florinda: não quer entrar para tomar uma xícara de café?
13/11 14:0 falar dona florinda: Claro que não, pode entrar!
13/11 14:0 falar dona florinda: Professor Girafáles!
13/11 14:0 falar dona florinda: que milagre o senhor por aqui!
13/11 14:1 falar dona florinda: Obrigada, são lindas!
13/11 14:1 falar dona florinda: não quer entrar para tomar uma xícara de café?
13/11 14:1 falar dona florinda: Claro que não, pode entrar!
13/11 14:1 falar dona florinda: Professor Girafáles!
13/11 14:1 falar dona florinda: que milagre o senhor por aqui!
13/11 14:1 falar dona florinda: Obrigada, são lindas!
13/11 14:1 falar dona florinda: não quer entrar para tomar uma xícara de café?
13/11 14:1 falar dona florinda: Claro que não, pode entrar!
13/11 14:1 falar dona florinda: Professor Girafáles!
13/11 14:1 falar dona florinda: que milagre o senhor por aqui!
13/11 14:1 falar dona florinda: Professor Girafáles!
13/11 14:1 falar dona florinda: Obrigada, são lindas!
13/11 14:1 falar dona florinda: Professor Girafáles!
13/11 14:1 falar dona florinda: não quer entrar para tomar uma xícara de café?
13/11 14:1 falar dona florinda: que milagre o senhor por aqui!
13/11 14:1 falar dona florinda: Claro que não, pode entrar!
13/11 14:1 falar dona florinda: que milagre o senhor por aqui!
13/11 14:2 falar dona florinda: Obrigada, são lindas!
13/11 14:2 falar dona florinda: não quer entrar para tomar uma xícara de café?
13/11 14:2 falar dona florinda: Obrigada, são lindas!
13/11 14:2 falar dona florinda: Professor Girafáles!
13/11 14:2 falar dona florinda: não quer entrar para tomar uma xícara de café?
13/11 14:2 falar dona florinda: Claro que não, pode entrar!
13/11 14:2 falar dona florinda: Claro que não, pode entrar!
13/11 14:2 falar dona florinda: que milagre o senhor por aqui!
13/11 14:2 falar dona florinda: Obrigada, são lindas!
13/11 14:2 falar dona florinda: não quer entrar para tomar uma xícara de café?
13/11 14:2 falar dona florinda: Claro que não, pode entrar!
13/11 14:2 falar dona florinda: Professor Girafáles!
13/11 14:2 falar dona florinda: que milagre o senhor por aqui!
13/11 14:2 falar dona florinda: Obrigada, são lindas!
13/11 14:2 falar dona florinda: não quer entrar para tomar uma xícara de café?
13/11 14:2 falar dona florinda: Claro que não, pode entrar!
13/11 14:2 falar dona florinda: Professor Girafáles!
13/11 14:3 falar dona florinda: Professor Girafáles!
13/11 14:3 falar dona florinda: que milagre o senhor por aqui!
13/11 14:3 falar dona florinda: que milagre o senhor por aqui!
13/11 14:3 falar dona florinda: Obrigada, são lindas!
13/11 14:3 falar dona florinda: não quer entrar para tomar uma xícara de café?
13/11 14:3 falar dona florinda: Obrigada, são lindas!
13/11 14:3 falar dona florinda: Claro que não, pode entrar!
13/11 14:3 falar dona florinda: não quer entrar para tomar uma xícara de café?
13/11 14:3 falar dona florinda: Professor Girafáles!
13/11 14:3 falar dona florinda: Claro que não, pode entrar!
13/11 14:3 falar dona florinda: Professor Girafáles!
13/11 14:3 falar dona florinda: que milagre o senhor por aqui!
13/11 14:3 falar dona florinda: que milagre o senhor por aqui!
13/11 14:3 falar dona florinda: Obrigada, são lindas!
13/11 14:3 falar dona florinda: Obrigada, são lindas!
13/11 14:3 falar dona florinda: não quer entrar para tomar uma xícara de café?
13/11 14:3 falar dona florinda: não quer entrar para tomar uma xícara de café?
13/11 14:3 falar dona florinda: Claro que não, pode entrar!
13/11 14:3 falar dona florinda: Professor Girafáles!
13/11 14:3 falar dona florinda: Claro que não, pode entrar!
13/11 14:3 falar dona florinda: que milagre o senhor por aqui!
13/11 14:3 falar dona florinda: Obrigada, são lindas!
13/11 14:3 falar dona florinda: não quer entrar para tomar uma xícara de café?
13/11 14:3 falar dona florinda: Claro que não, pode entrar!
13/11 14:3 falar dona florinda: Professor Girafáles!
13/11 14:3 falar dona florinda: que milagre o senhor por aqui!
13/11 14:3 falar dona florinda: Obrigada, são lindas!
13/11 14:3 falar dona florinda: não quer entrar para tomar uma xícara de café?
13/11 14:4 falar dona florinda: Claro que não, pode entrar!
13/11 14:4 falar dona florinda: Professor Girafáles!
13/11 14:4 falar dona florinda: Professor Girafáles!
13/11 14:4 falar dona florinda: que milagre o senhor por aqui!
13/11 14:4 falar dona florinda: que milagre o senhor por aqui!
13/11 14:4 falar dona florinda: Obrigada, são lindas!
13/11 14:4 falar dona florinda: Obrigada, são lindas!
13/11 14:4 falar dona florinda: não quer entrar para tomar uma xícara de café?
13/11 14:4 falar dona florinda: Professor Girafáles!
13/11 14:4 falar dona florinda: não quer entrar para tomar uma xícara de café?
13/11 14:4 falar dona florinda: Professor Girafáles!
13/11 14:4 falar dona florinda: Claro que não, pode entrar!
13/11 14:4 falar dona florinda: Claro que não, pode entrar!
13/11 14:4 falar dona florinda: que milagre o senhor por aqui!
13/11 14:4 falar dona florinda: que milagre o senhor por aqui!
13/11 14:4 falar dona florinda: Obrigada, são lindas!
13/11 14:4 falar dona florinda: não quer entrar para tomar uma xícara de café?
13/11 14:4 falar dona florinda: Obrigada, são lindas!
13/11 14:4 falar dona florinda: Professor Girafáles!
13/11 14:4 falar dona florinda: não quer entrar para tomar uma xícara de café?
13/11 14:4 falar dona florinda: Claro que não, pode entrar!
13/11 14:4 falar dona florinda: Claro que não, pode entrar!
13/11 14:4 falar dona florinda: que milagre o senhor por aqui!
13/11 14:5 falar dona florinda: Obrigada, são lindas!
13/11 14:5 falar dona florinda: não quer entrar para tomar uma xícara de café?
13/11 14:5 falar dona florinda: Claro que não, pode entrar!
13/11 14:5 falar dona florinda: Professor Girafáles!
13/11 14:5 falar dona florinda: que milagre o senhor por aqui!
13/11 14:5 falar dona florinda: Obrigada, são lindas!
13/11 14:5 falar dona florinda: não quer entrar para tomar uma xícara de café?
13/11 14:5 falar dona florinda: Claro que não, pode entrar!
13/11 14:5 falar dona florinda: Professor Girafáles!
13/11 14:5 falar dona florinda: que milagre o senhor por aqui!
13/11 14:5 falar dona florinda: Professor Girafáles!
13/11 14:5 falar dona florinda: Obrigada, são lindas!
13/11 14:5 falar dona florinda: que milagre o senhor por aqui!
13/11 14:5 falar dona florinda: não quer entrar para tomar uma xícara de café?
13/11 14:5 falar dona florinda: Claro que não, pode entrar!
13/11 14:5 falar dona florinda: Obrigada, são lindas!
13/11 14:6 falar dona florinda: não quer entrar para tomar uma xícara de café?
13/11 14:6 falar dona florinda: Professor Girafáles!
13/11 14:6 falar dona florinda: Claro que não, pode entrar!
13/11 14:6 falar dona florinda: Professor Girafáles!
13/11 14:6 falar dona florinda: que milagre o senhor por aqui!
13/11 14:6 falar dona florinda: que milagre o senhor por aqui!
13/11 14:6 falar dona florinda: Professor Girafáles!
13/11 14:6 falar dona florinda: Obrigada, são lindas!
13/11 14:6 falar dona florinda: não quer entrar para tomar uma xícara de café?
13/11 14:6 falar dona florinda: Obrigada, são lindas!
13/11 14:6 falar dona florinda: que milagre o senhor por aqui!
13/11 14:6 falar dona florinda: Claro que não, pode entrar!
13/11 14:6 falar dona florinda: não quer entrar para tomar uma xícara de café?
13/11 14:6 falar dona florinda: Obrigada, são lindas!
13/11 14:6 falar dona florinda: não quer entrar para tomar uma xícara de café?
13/11 14:6 falar dona florinda: Claro que não, pode entrar!
13/11 14:6 falar dona florinda: Professor Girafáles!
13/11 14:6 falar dona florinda: que milagre o senhor por aqui!
13/11 14:6 falar dona florinda: Obrigada, são lindas!
13/11 14:6 falar dona florinda: não quer entrar para tomar uma xícara de café?
13/11 14:6 falar dona florinda: Claro que não, pode entrar!
13/11 14:7 falar dona florinda: Professor Girafáles!
13/11 14:7 falar dona florinda: Professor Girafáles!
13/11 14:7 falar dona florinda: que milagre o senhor por aqui!
13/11 14:7 falar dona florinda: Professor Girafáles!
13/11 14:7 falar dona florinda: Obrigada, são lindas!
13/11 14:7 falar dona florinda: que milagre o senhor por aqui!
13/11 14:7 falar dona florinda: Obrigada, são lindas!
13/11 14:7 falar dona florinda: Professor Girafáles!
13/11 14:7 falar dona florinda: não quer entrar para tomar uma xícara de café?
13/11 14:7 falar dona florinda: Claro que não, pode entrar!
13/11 14:17 falar dona florinda: Professor Girafáles!
13/11 14:17 falar dona florinda: que milagre o senhor por aqui!
13/11 14:17 falar dona florinda: Obrigada, são lindas!
13/11 14:17 falar dona florinda: não quer entrar para tomar uma xícara de café?
13/11 14:17 falar dona florinda: Claro que não, pode entrar!
13/11 14:18 falar dona florinda: Professor Girafáles!
13/11 14:19 falar dona florinda: que milagre o senhor por aqui!
13/11 14:19 falar dona florinda: Obrigada, são lindas!
13/11 14:19 falar dona florinda: não quer entrar para tomar uma xícara de café?
13/11 14:19 falar dona florinda: Claro que não, pode entrar!
13/11 14:20 falar dona florinda: Professor Girafáles!
13/11 14:20 falar dona florinda: que milagre o senhor por aqui!
13/11 14:20 falar dona florinda: Obrigada, são lindas!
13/11 14:20 falar dona florinda: não quer entrar para tomar uma xícara de café?
13/11 14:20 falar dona florinda: Claro que não, pode entrar!
13/11 14:21 falar dona florinda: Professor Girafáles!
13/11 14:21 falar dona florinda: que milagre o senhor por aqui!
13/11 14:21 falar dona florinda: Obrigada, são lindas!
13/11 14:22 falar dona florinda: não quer entrar para tomar uma xícara de café?
13/11 14:22 falar dona florinda: Claro que não, pode entrar!
13/11 14:23 falar dona florinda: Professor Girafáles!
13/11 14:23 falar dona florinda: que milagre o senhor por aqui!
13/11 14:23 falar dona florinda: Obrigada, são lindas!
13/11 14:23 falar dona florinda: não quer entrar para tomar uma xícara de café?
13/11 14:23 falar dona florinda: Claro que não, pode entrar!
13/11 14:24 falar dona florinda: Professor Girafáles!
13/11 14:24 falar dona florinda: que milagre o senhor por aqui!
13/11 14:24 falar dona florinda: Obrigada, são lindas!
13/11 14:24 falar dona florinda: não quer entrar para tomar uma xícara de café?
13/11 14:24 falar dona florinda: Claro que não, pode entrar!
13/11 14:26 falar dona florinda: Professor Girafáles!
13/11 14:26 falar dona florinda: que milagre o senhor por aqui!
13/11 14:26 falar dona florinda: Obrigada, são lindas!
13/11 14:26 falar dona florinda: não quer entrar para tomar uma xícara de café?
13/11 14:26 falar dona florinda: Claro que não, pode entrar!
13/11 14:27 falar dona florinda: Professor Girafáles!
13/11 14:27 falar dona florinda: que milagre o senhor por aqui!
13/11 14:27 falar dona florinda: Obrigada, são lindas!
13/11 14:27 falar dona florinda: não quer entrar para tomar uma xícara de café?
13/11 14:27 falar dona florinda: Claro que não, pode entrar!
13/11 14:28 falar dona florinda: Professor Girafáles!
13/11 14:28 falar dona florinda: que milagre o senhor por aqui!
13/11 14:28 falar dona florinda: Obrigada, são lindas!
13/11 14:29 falar dona florinda: não quer entrar para tomar uma xícara de café?
13/11 14:29 falar dona florinda: Claro que não, pode entrar!
13/11 14:30 falar dona florinda: Professor Girafáles!
13/11 14:30 falar dona florinda: que milagre o senhor por aqui!
13/11 14:30 falar dona florinda: Obrigada, são lindas!
13/11 14:30 falar dona florinda: não quer entrar para tomar uma xícara de café?
13/11 14:30 falar dona florinda: Claro que não, pode entrar!
13/11 14:31 falar dona florinda: Professor Girafáles!
13/11 14:31 falar dona florinda: que milagre o senhor por aqui!
13/11 14:31 falar dona florinda: Obrigada, são lindas!
13/11 14:31 falar dona florinda: não quer entrar para tomar uma xícara de café?
13/11 14:31 falar dona florinda: Claro que não, pode entrar!
13/11 14:33 falar dona florinda: Professor Girafáles!
13/11 14:33 falar dona florinda: que milagre o senhor por aqui!
13/11 14:33 falar dona florinda: Obrigada, são lindas!
13/11 14:33 falar dona florinda: não quer entrar para tomar uma xícara de café?
13/11 14:33 falar dona florinda: Claro que não, pode entrar!
13/11 14:34 falar dona florinda: Professor Girafáles!
13/11 14:34 falar dona florinda: que milagre o senhor por aqui!
13/11 14:34 falar dona florinda: Obrigada, são lindas!
13/11 14:34 falar dona florinda: não quer entrar para tomar uma xícara de café?
13/11 14:34 falar dona florinda: Claro que não, pode entrar!
13/11 14:35 falar dona florinda: Professor Girafáles!
13/11 14:35 falar dona florinda: que milagre o senhor por aqui!
13/11 14:36 falar dona florinda: Obrigada, são lindas!
13/11 14:36 falar dona florinda: não quer entrar para tomar uma xícara de café?
13/11 14:36 falar dona florinda: Claro que não, pode entrar!
13/11 14:37 falar dona florinda: Professor Girafáles!
13/11 14:37 falar dona florinda: que milagre o senhor por aqui!
13/11 14:37 falar dona florinda: Obrigada, são lindas!
13/11 14:37 falar dona florinda: não quer entrar para tomar uma xícara de café?
13/11 14:37 falar dona florinda: Claro que não, pode entrar!
13/11 14:38 falar dona florinda: Professor Girafáles!
13/11 14:38 falar dona florinda: que milagre o senhor por aqui!
13/11 14:38 falar dona florinda: Obrigada, são lindas!
13/11 14:38 falar dona florinda: não quer entrar para tomar uma xícara de café?
13/11 14:39 falar dona florinda: Claro que não, pode entrar!
